=== Tue Apr  7 08:05:01 PM CEST 2026 Starting all scrapers ===
Saved 20 pro crosshairs to /home/klaschuk/valocheck/app/static/data/pro_crosshairs.json
2026-04-07 20:05:01,365 INFO Fetching leaderboard: eu
2026-04-07 20:05:01,561 WARNING Rate limited on eu at offset 0, stopping
2026-04-07 20:05:01,562 WARNING No data for eu, skipping
2026-04-07 20:05:01,562 INFO Fetching leaderboard: na
2026-04-07 20:05:01,786 WARNING Rate limited on na at offset 0, stopping
2026-04-07 20:05:01,788 WARNING No data for na, skipping
2026-04-07 20:05:01,789 INFO Fetching leaderboard: ap
2026-04-07 20:05:02,012 WARNING Rate limited on ap at offset 0, stopping
2026-04-07 20:05:02,015 WARNING No data for ap, skipping
2026-04-07 20:05:02,015 INFO Fetching leaderboard: kr
2026-04-07 20:05:02,199 WARNING Rate limited on kr at offset 0, stopping
2026-04-07 20:05:02,201 WARNING No data for kr, skipping
2026-04-07 20:05:02,202 INFO Done. Total: 0 players across 4 regions
2026-04-07 20:05:02,462 INFO Checking 48 players across 4 regions
2026-04-07 20:05:02,462 INFO [1/48] Fetching matches for TH ComeBack#Aegon (eu)
2026-04-07 20:05:02,605 INFO [2/48] Fetching matches for fractioned#5522 (eu)
2026-04-07 20:05:04,595 INFO [3/48] Fetching matches for MercureFPS#GRIND (eu)
2026-04-07 20:05:06,696 INFO [4/48] Fetching matches for FOKUS Pa1ze#TTV (eu)
2026-04-07 20:05:08,797 INFO [5/48] Fetching matches for GS VenTT#miru (eu)
2026-04-07 20:05:10,896 INFO [6/48] Fetching matches for Limousine#1925 (eu)
2026-04-07 20:05:12,997 INFO [7/48] Fetching matches for LFT Overland#BANG (eu)
2026-04-07 20:05:15,103 INFO [8/48] Fetching matches for BJK ARCHFIEND#007 (eu)
2026-04-07 20:05:17,214 INFO [9/48] Fetching matches for Filu#KING (eu)
2026-04-07 20:05:19,334 INFO [10/48] Fetching matches for rr1#xdd (eu)
2026-04-07 20:05:21,399 INFO [11/48] Fetching matches for RAFHA Razziss#starr (eu)
2026-04-07 20:05:23,499 INFO [12/48] Fetching matches for EP MAGNUM#rawr (eu)
2026-04-07 20:05:25,617 INFO [13/48] Fetching matches for envy ion#469 (na)
2026-04-07 20:05:27,723 INFO [14/48] Fetching matches for QOR Notexxd#amru (na)
2026-04-07 20:05:29,800 INFO [15/48] Fetching matches for LEV spikezin#ayra (na)
2026-04-07 20:05:31,900 INFO [16/48] Fetching matches for I SEE U BABY BOI#LVgod (na)
2026-04-07 20:05:34,001 INFO [17/48] Fetching matches for twitch zeeraval#BRON (na)
2026-04-07 20:05:36,100 INFO [18/48] Fetching matches for SR exa#VIC (na)
2026-04-07 20:05:38,201 INFO [19/48] Fetching matches for SR Smoke#jamon (na)
2026-04-07 20:05:40,301 INFO [20/48] Fetching matches for ENVY Eggsterr#NJLTC (na)
2026-04-07 20:05:42,401 INFO [21/48] Fetching matches for heartless#css (na)
2026-04-07 20:05:44,526 INFO [22/48] Fetching matches for etc#16yr (na)
2026-04-07 20:05:50,641 INFO [23/48] Fetching matches for YPM#maid (na)
2026-04-07 20:05:53,340 INFO [24/48] Fetching matches for awkua#777 (na)
2026-04-07 20:05:55,607 INFO [25/48] Fetching matches for 再化降水驻守#0817 (ap)
2026-04-07 20:05:57,857 INFO [26/48] Fetching matches for COACH X#MEGGG (ap)
2026-04-07 20:06:02,695 INFO [27/48] Fetching matches for SacrificE#0917 (ap)
2026-04-07 20:06:07,220 INFO [28/48] Fetching matches for cortiskorea#enist (ap)
2026-04-07 20:06:07,258 INFO [29/48] Fetching matches for Pr0digyy#taduy (ap)
2026-04-07 20:06:09,352 INFO [30/48] Fetching matches for T1A PeGasus#0912 (ap)
2026-04-07 20:06:11,454 INFO [31/48] Fetching matches for FS Kassielsy#zxiag (ap)
2026-04-07 20:06:13,556 INFO [32/48] Fetching matches for み や#tarou (ap)
2026-04-07 20:06:15,656 INFO [33/48] Fetching matches for For a flashback#돌아와민혁 (ap)
2026-04-07 20:06:17,758 INFO [34/48] Fetching matches for zxcvbnm123456789#191 (ap)
2026-04-07 20:06:19,856 INFO [35/48] Fetching matches for Илья Петров#isagi (ap)
2026-04-07 20:06:21,957 INFO [36/48] Fetching matches for WelcometotheShow#1111 (ap)
2026-04-07 20:06:24,055 INFO [37/48] Fetching matches for kr로디#긍정킹 (kr)
2026-04-07 20:06:26,157 INFO [38/48] Fetching matches for 정은지매력에정신이나간박지원#정은지미녀 (kr)
2026-04-07 20:06:28,269 INFO [39/48] Fetching matches for 아카츠키는위대하다#BERH (kr)
2026-04-07 20:06:30,359 INFO [40/48] Fetching matches for 의문의네온고수#이찬혁 (kr)
2026-04-07 20:06:32,458 INFO [41/48] Fetching matches for HelloSupRmE#슈프림 (kr)
2026-04-07 20:06:34,558 INFO [42/48] Fetching matches for 정나나를위한레디언트계정#물리치료 (kr)
2026-04-07 20:06:36,692 INFO [43/48] Fetching matches for 강의해줄게팔로우해라xkxxnz#1111 (kr)
2026-04-07 20:06:39,412 INFO [44/48] Fetching matches for 신은존재하고4월3일에돌아왔다#0403 (kr)
2026-04-07 20:06:40,892 INFO [45/48] Fetching matches for 리자넷#lo00 (kr)
2026-04-07 20:06:42,959 INFO [46/48] Fetching matches for nouvelle vague#9999 (kr)
2026-04-07 20:06:45,059 INFO [47/48] Fetching matches for 2026년 11월 19일#00000 (kr)
2026-04-07 20:06:47,202 INFO [48/48] Fetching matches for 내 마음의 위험한 녀석#안나짱스키 (kr)
2026-04-07 20:06:49,259 INFO Done! 29 agents from 30 matches. Saved to /home/klaschuk/valocheck/app/static/data/agent_meta.json
2026-04-07 20:06:49,519 INFO Fetching agents...
2026-04-07 20:06:49,624 INFO Saved 29 agents
2026-04-07 20:06:50,625 INFO Fetching maps...
2026-04-07 20:06:50,646 INFO Saved 21 maps
2026-04-07 20:06:50,646 INFO Done!
=== Tue Apr  7 08:06:51 PM CEST 2026 All done ===
=== Wed Apr  8 02:45:22 AM CEST 2026 Night ===
2026-04-08 02:45:23,074 INFO Fetching leaderboard: eu
2026-04-08 02:45:23,754 INFO   eu: fetched 500 players
2026-04-08 02:45:26,385 INFO   eu: fetched 500 players
2026-04-08 02:45:29,008 INFO   eu: fetched 500 players
2026-04-08 02:45:31,617 INFO   eu: fetched 500 players
2026-04-08 02:45:34,239 INFO   eu: fetched 500 players
2026-04-08 02:45:36,251 INFO Saved 500 players to /home/klaschuk/valocheck/data/leaderboard/eu.json
2026-04-08 02:45:38,251 INFO Fetching leaderboard: na
2026-04-08 02:45:38,928 INFO   na: fetched 500 players
2026-04-08 02:45:41,466 INFO   na: fetched 500 players
2026-04-08 02:45:44,197 INFO   na: fetched 500 players
2026-04-08 02:45:46,763 INFO   na: fetched 500 players
2026-04-08 02:45:49,423 INFO   na: fetched 500 players
2026-04-08 02:45:51,434 INFO Saved 500 players to /home/klaschuk/valocheck/data/leaderboard/na.json
2026-04-08 02:45:53,434 INFO Fetching leaderboard: ap
2026-04-08 02:45:54,023 INFO   ap: fetched 500 players
2026-04-08 02:45:56,631 INFO   ap: fetched 500 players
2026-04-08 02:45:59,295 INFO   ap: fetched 500 players
2026-04-08 02:46:02,007 INFO   ap: fetched 500 players
2026-04-08 02:46:04,604 INFO   ap: fetched 500 players
2026-04-08 02:46:06,616 INFO Saved 500 players to /home/klaschuk/valocheck/data/leaderboard/ap.json
2026-04-08 02:46:08,616 INFO Fetching leaderboard: kr
2026-04-08 02:46:09,075 INFO   kr: fetched 500 players
2026-04-08 02:46:11,790 INFO   kr: fetched 500 players
2026-04-08 02:46:14,210 INFO   kr: fetched 500 players
2026-04-08 02:46:16,613 INFO   kr: fetched 500 players
2026-04-08 02:46:19,033 INFO   kr: fetched 500 players
2026-04-08 02:46:21,049 INFO Saved 500 players to /home/klaschuk/valocheck/data/leaderboard/kr.json
2026-04-08 02:46:23,050 INFO Done. Total: 2000 players across 4 regions
2026-04-08 02:46:23,329 INFO Checking 48 players across 4 regions
2026-04-08 02:46:23,329 INFO [1/48] Fetching matches for TH ComeBack#Aegon (eu)
2026-04-08 02:46:24,263 INFO [2/48] Fetching matches for fractioned#5522 (eu)
2026-04-08 02:46:27,354 INFO [3/48] Fetching matches for MercureFPS#GRIND (eu)
2026-04-08 02:46:28,321 INFO [4/48] Fetching matches for FOKUS Pa1ze#TTV (eu)
2026-04-08 02:46:30,866 INFO [5/48] Fetching matches for BJK ARCHFIEND#007 (eu)
2026-04-08 02:46:32,691 INFO [6/48] Fetching matches for GS VenTT#miru (eu)
2026-04-08 02:46:34,250 INFO [7/48] Fetching matches for Filu#KING (eu)
2026-04-08 02:46:35,971 INFO [8/48] Fetching matches for LFT Overland#BANG (eu)
2026-04-08 02:46:38,060 INFO [9/48] Fetching matches for Sweatyツ#2009 (eu)
2026-04-08 02:46:40,161 INFO [10/48] Fetching matches for RAFHA Razziss#starr (eu)
2026-04-08 02:46:42,259 INFO [11/48] Fetching matches for EP MAGNUM#rawr (eu)
2026-04-08 02:46:44,360 INFO [12/48] Fetching matches for MegaKnight#KKR (eu)
2026-04-08 02:46:46,461 INFO [13/48] Fetching matches for envy ion#469 (na)
2026-04-08 02:46:48,561 INFO [14/48] Fetching matches for QOR Notexxd#amru (na)
2026-04-08 02:46:50,660 INFO [15/48] Fetching matches for LEV spikezin#ayra (na)
2026-04-08 02:46:52,863 INFO [16/48] Fetching matches for I SEE U BABY BOI#LVgod (na)
2026-04-08 02:46:54,909 INFO [17/48] Fetching matches for twitch zeeraval#BRON (na)
2026-04-08 02:46:56,964 INFO [18/48] Fetching matches for SR exa#VIC (na)
2026-04-08 02:46:59,063 INFO [19/48] Fetching matches for heartless#css (na)
2026-04-08 02:47:01,359 INFO [20/48] Fetching matches for Dasnerth#KING (na)
2026-04-08 02:47:03,266 INFO [21/48] Fetching matches for SR Smoke#jamon (na)
2026-04-08 02:47:05,365 INFO [22/48] Fetching matches for ENVY Eggsterr#NJLTC (na)
2026-04-08 02:47:07,461 INFO [23/48] Fetching matches for Neonn#NA2 (na)
2026-04-08 02:47:09,689 INFO [24/48] Fetching matches for etc#16yr (na)
2026-04-08 02:47:11,666 INFO [25/48] Fetching matches for 再化降水驻守#0817 (ap)
2026-04-08 02:47:13,767 INFO [26/48] Fetching matches for み や#tarou (ap)
2026-04-08 02:47:15,863 INFO [27/48] Fetching matches for SacrificE#0917 (ap)
2026-04-08 02:47:18,081 INFO [28/48] Fetching matches for cortiskorea#enist (ap)
2026-04-08 02:47:20,074 INFO [29/48] Fetching matches for Hard Worker#grind (ap)
2026-04-08 02:47:22,169 INFO [30/48] Fetching matches for FS Kassielsy#zxiag (ap)
2026-04-08 02:47:27,086 INFO [31/48] Fetching matches for zxcvbnm123456789#191 (ap)
2026-04-08 02:47:31,947 INFO [32/48] Fetching matches for Pr0digyy#taduy (ap)
2026-04-08 02:47:33,122 INFO [33/48] Fetching matches for FANCY Nia#mchi (ap)
2026-04-08 02:47:36,550 INFO [34/48] Fetching matches for T1A PeGasus#0912 (ap)
2026-04-08 02:47:38,612 INFO [35/48] Fetching matches for COACH X#MEGGG (ap)
2026-04-08 02:47:41,477 INFO [36/48] Fetching matches for Илья Петров#isagi (ap)
2026-04-08 02:47:41,513 INFO [37/48] Fetching matches for 아카츠키는위대하다#BERH (kr)
2026-04-08 02:47:43,609 INFO [38/48] Fetching matches for kr로디#긍정킹 (kr)
2026-04-08 02:47:45,709 INFO [39/48] Fetching matches for 의문의네온고수#이찬혁 (kr)
2026-04-08 02:47:47,877 INFO [40/48] Fetching matches for HelloSupRmE#슈프림 (kr)
2026-04-08 02:47:49,912 INFO [41/48] Fetching matches for 강의해줄게팔로우해라xkxxnz#1111 (kr)
2026-04-08 02:47:52,012 INFO [42/48] Fetching matches for 정나나를위한레디언트계정#물리치료 (kr)
2026-04-08 02:47:54,114 INFO [43/48] Fetching matches for 신은존재하고4월3일에돌아왔다#0403 (kr)
2026-04-08 02:47:56,213 INFO [44/48] Fetching matches for 리자넷#lo00 (kr)
2026-04-08 02:47:58,321 INFO [45/48] Fetching matches for 2026가장기대되는유망주서태형#12년생 (kr)
2026-04-08 02:48:00,413 INFO [46/48] Fetching matches for nouvelle vague#9999 (kr)
2026-04-08 02:48:02,524 INFO [47/48] Fetching matches for 내 마음의 위험한 녀석#안나짱스키 (kr)
2026-04-08 02:48:04,657 INFO [48/48] Fetching matches for SPARE#바네사강 (kr)
2026-04-08 02:48:06,717 INFO Done! 29 agents from 60 matches. Saved to /home/klaschuk/valocheck/app/static/data/agent_meta.json
2026-04-08 02:48:07,003 INFO Fetching agents...
2026-04-08 02:48:07,156 INFO Saved 29 agents
2026-04-08 02:48:08,156 INFO Fetching maps...
2026-04-08 02:48:08,176 INFO Saved 21 maps
2026-04-08 02:48:08,176 INFO Done!
=== Wed Apr  8 02:48:08 AM CEST 2026 Done ===
=== Wed Apr  8 06:21:57 PM CEST 2026 ===
2026-04-08 18:21:57,896 INFO Fetching leaderboard: eu
2026-04-08 18:21:58,558 INFO   eu: fetched 500 players
2026-04-08 18:22:01,266 INFO   eu: fetched 500 players
2026-04-08 18:22:03,901 INFO   eu: fetched 500 players
2026-04-08 18:22:06,644 INFO   eu: fetched 500 players
2026-04-08 18:22:09,367 INFO   eu: fetched 500 players
2026-04-08 18:22:11,379 INFO Saved 500 players to /home/klaschuk/valocheck/data/leaderboard/eu.json
2026-04-08 18:22:13,379 INFO Fetching leaderboard: na
2026-04-08 18:22:13,968 INFO   na: fetched 500 players
2026-04-08 18:22:16,618 INFO   na: fetched 500 players
2026-04-08 18:22:19,205 INFO   na: fetched 500 players
2026-04-08 18:22:21,811 INFO   na: fetched 500 players
2026-04-08 18:22:24,439 INFO   na: fetched 500 players
2026-04-08 18:22:26,449 INFO Saved 500 players to /home/klaschuk/valocheck/data/leaderboard/na.json
2026-04-08 18:22:28,450 INFO Fetching leaderboard: ap
2026-04-08 18:22:29,081 INFO   ap: fetched 500 players
2026-04-08 18:22:31,717 INFO   ap: fetched 500 players
2026-04-08 18:22:34,345 INFO   ap: fetched 500 players
2026-04-08 18:22:37,044 INFO   ap: fetched 500 players
2026-04-08 18:22:39,716 INFO   ap: fetched 500 players
2026-04-08 18:22:41,728 INFO Saved 500 players to /home/klaschuk/valocheck/data/leaderboard/ap.json
2026-04-08 18:22:43,729 INFO Fetching leaderboard: kr
2026-04-08 18:22:44,131 INFO   kr: fetched 500 players
2026-04-08 18:22:46,594 INFO   kr: fetched 500 players
2026-04-08 18:22:49,074 INFO   kr: fetched 500 players
2026-04-08 18:22:51,516 INFO   kr: fetched 500 players
2026-04-08 18:22:54,118 INFO   kr: fetched 500 players
2026-04-08 18:22:56,135 INFO Saved 500 players to /home/klaschuk/valocheck/data/leaderboard/kr.json
2026-04-08 18:22:58,135 INFO Done. Total: 2000 players across 4 regions
2026-04-08 18:22:58,410 INFO Checking 100 players across 4 regions
2026-04-08 18:22:58,410 INFO [1/100] Fetching matches for TH ComeBack#Aegon (eu)
2026-04-08 18:22:59,800 INFO [2/100] Fetching matches for GS VenTT#miru (eu)
2026-04-08 18:23:02,125 INFO [3/100] Fetching matches for MercureFPS#GRIND (eu)
2026-04-08 18:23:05,367 INFO [4/100] Fetching matches for FOKUS Pa1ze#TTV (eu)
2026-04-08 18:23:08,844 INFO [5/100] Fetching matches for BJK ARCHFIEND#007 (eu)
2026-04-08 18:23:10,456 WARNING Rate limited, waiting 10s...
2026-04-08 18:23:20,492 WARNING Still rate limited, skipping
2026-04-08 18:23:20,521 INFO [6/100] Fetching matches for RAF Razziss#starr (eu)
2026-04-08 18:23:20,554 WARNING Rate limited, waiting 10s...
2026-04-08 18:23:30,625 WARNING Still rate limited, skipping
2026-04-08 18:23:30,625 INFO [7/100] Fetching matches for Filu#KING (eu)
2026-04-08 18:23:30,659 WARNING Rate limited, waiting 10s...
2026-04-08 18:23:40,850 WARNING Still rate limited, skipping
2026-04-08 18:23:40,850 INFO [8/100] Fetching matches for fractioned#5522 (eu)
2026-04-08 18:23:40,885 WARNING Rate limited, waiting 10s...
2026-04-08 18:23:50,921 WARNING Still rate limited, skipping
2026-04-08 18:23:50,922 INFO [9/100] Fetching matches for Sweatyツ#2009 (eu)
2026-04-08 18:23:50,957 WARNING Rate limited, waiting 10s...
Traceback (most recent call last):
  File "/home/klaschuk/valocheck/scripts/scrape_agent_meta.py", line 173, in <module>
    main()
  File "/home/klaschuk/valocheck/scripts/scrape_agent_meta.py", line 101, in main
    all_players = match.get("players", {}).get("all_players", [])
                  ^^^^^^^^^^^^^^^^^^^^^^^^^^^^
AttributeError: 'NoneType' object has no attribute 'get'
2026-04-08 18:24:03,266 INFO Fetching agents...
2026-04-08 18:24:03,375 INFO Saved 29 agents
2026-04-08 18:24:04,376 INFO Fetching maps...
2026-04-08 18:24:04,399 INFO Saved 21 maps
2026-04-08 18:24:04,400 INFO Done!
=== Wed Apr  8 06:24:04 PM CEST 2026 Done ===
